# JRE version: Java(TM) SE Runtime Environment (7.0_51-b13) (build 1.7.0_51-b13)
# Java VM: Java HotSpot(TM) 64-Bit Server VM (24.51-b03 mixed mode linux-amd64 compressed oops)
Heap
 PSYoungGen      total 78336K, used 23671K [0x00000007ac900000, 0x00000007b2880000, 0x0000000800000000)
  eden space 60928K, 15% used [0x00000007ac900000,0x00000007ad241eb0,0x00000007b0480000)
  from space 17408K, 81% used [0x00000007b0580000,0x00000007b135bf30,0x00000007b1680000)
  to   space 18432K, 0% used [0x00000007b1680000,0x00000007b1680000,0x00000007b2880000)
 ParOldGen       total 170496K, used 7295K [0x0000000705c00000, 0x0000000710280000, 0x00000007ac900000)
  object space 170496K, 4% used [0x0000000705c00000,0x000000070631ff20,0x0000000710280000)
 PSPermGen       total 21504K, used 8099K [0x0000000700a00000, 0x0000000701f00000, 0x0000000705c00000)
  object space 21504K, 37% used [0x0000000700a00000,0x00000007011e8d28,0x0000000701f00000)
GC Heap History (10 events):
Event: 25,400 GC heap before
{Heap before GC invocations=3 (full 0):
 PSYoungGen      total 75264K, used 71633K [0x00000007ac900000, 0x00000007b1c80000, 0x0000000800000000)
  eden space 65024K, 99% used [0x00000007ac900000,0x00000007b086d698,0x00000007b0880000)
  from space 10240K, 65% used [0x00000007b1280000,0x00000007b1907120,0x00000007b1c80000)
  to   space 10240K, 0% used [0x00000007b0880000,0x00000007b0880000,0x00000007b1280000)
 ParOldGen       total 170496K, used 16K [0x0000000705c00000, 0x0000000710280000, 0x00000007ac900000)
  object space 170496K, 0% used [0x0000000705c00000,0x0000000705c04000,0x0000000710280000)
 PSPermGen       total 21504K, used 8003K [0x0000000700a00000, 0x0000000701f00000, 0x0000000705c00000)
  object space 21504K, 37% used [0x0000000700a00000,0x00000007011d0c10,0x0000000701f00000)
Event: 25,411 GC heap after
Heap after GC invocations=3 (full 0):
 PSYoungGen      total 75264K, used 9388K [0x00000007ac900000, 0x00000007b1c80000, 0x0000000800000000)
  eden space 65024K, 0% used [0x00000007ac900000,0x00000007ac900000,0x00000007b0880000)
  from space 10240K, 91% used [0x00000007b0880000,0x00000007b11ab130,0x00000007b1280000)
  to   space 10240K, 0% used [0x00000007b1280000,0x00000007b1280000,0x00000007b1c80000)
 ParOldGen       total 170496K, used 24K [0x0000000705c00000, 0x0000000710280000, 0x00000007ac900000)
  object space 170496K, 0% used [0x0000000705c00000,0x0000000705c06000,0x0000000710280000)
 PSPermGen       total 21504K, used 8003K [0x0000000700a00000, 0x0000000701f00000, 0x0000000705c00000)
  object space 21504K, 37% used [0x0000000700a00000,0x00000007011d0c10,0x0000000701f00000)
}
Event: 34,353 GC heap before
{Heap before GC invocations=4 (full 0):
 PSYoungGen      total 75264K, used 74396K [0x00000007ac900000, 0x00000007b1c80000, 0x0000000800000000)
  eden space 65024K, 99% used [0x00000007ac900000,0x00000007b087c030,0x00000007b0880000)
  from space 10240K, 91% used [0x00000007b0880000,0x00000007b11ab130,0x00000007b1280000)
  to   space 10240K, 0% used [0x00000007b1280000,0x00000007b1280000,0x00000007b1c80000)
 ParOldGen       total 170496K, used 24K [0x0000000705c00000, 0x0000000710280000, 0x00000007ac900000)
  object space 170496K, 0% used [0x0000000705c00000,0x0000000705c06000,0x0000000710280000)
 PSPermGen       total 21504K, used 8028K [0x0000000700a00000, 0x0000000701f00000, 0x0000000705c00000)
  object space 21504K, 37% used [0x0000000700a00000,0x00000007011d7320,0x0000000701f00000)
Event: 34,364 GC heap after
Heap after GC invocations=4 (full 0):
 PSYoungGen      total 75264K, used 10216K [0x00000007ac900000, 0x00000007b1c80000, 0x0000000800000000)
  eden space 65024K, 0% used [0x00000007ac900000,0x00000007ac900000,0x00000007b0880000)
  from space 10240K, 99% used [0x00000007b1280000,0x00000007b1c7a2a8,0x00000007b1c80000)
  to   space 10240K, 0% used [0x00000007b0880000,0x00000007b0880000,0x00000007b1280000)
 ParOldGen       total 170496K, used 1992K [0x0000000705c00000, 0x0000000710280000, 0x00000007ac900000)
  object space 170496K, 1% used [0x0000000705c00000,0x0000000705df2000,0x0000000710280000)
 PSPermGen       total 21504K, used 8028K [0x0000000700a00000, 0x0000000701f00000, 0x0000000705c00000)
  object space 21504K, 37% used [0x0000000700a00000,0x00000007011d7320,0x0000000701f00000)
}
Event: 43,950 GC heap before
{Heap before GC invocations=5 (full 0):
 PSYoungGen      total 75264K, used 75194K [0x00000007ac900000, 0x00000007b1c80000, 0x0000000800000000)
  eden space 65024K, 99% used [0x00000007ac900000,0x00000007b0874608,0x00000007b0880000)
  from space 10240K, 99% used [0x00000007b1280000,0x00000007b1c7a2a8,0x00000007b1c80000)
  to   space 10240K, 0% used [0x00000007b0880000,0x00000007b0880000,0x00000007b1280000)
 ParOldGen       total 170496K, used 1992K [0x0000000705c00000, 0x0000000710280000, 0x00000007ac900000)
  object space 170496K, 1% used [0x0000000705c00000,0x0000000705df2000,0x0000000710280000)
 PSPermGen       total 21504K, used 8056K [0x0000000700a00000, 0x0000000701f00000, 0x0000000705c00000)
  object space 21504K, 37% used [0x0000000700a00000,0x00000007011de218,0x0000000701f00000)
Event: 43,963 GC heap after
Heap after GC invocations=5 (full 0):
 PSYoungGen      total 73728K, used 10233K [0x00000007ac900000, 0x00000007b2600000, 0x0000000800000000)
  eden space 63488K, 0% used [0x00000007ac900000,0x00000007ac900000,0x00000007b0700000)
  from space 10240K, 99% used [0x00000007b0880000,0x00000007b127e7a8,0x00000007b1280000)
  to   space 15872K, 0% used [0x00000007b1680000,0x00000007b1680000,0x00000007b2600000)
 ParOldGen       total 170496K, used 5288K [0x0000000705c00000, 0x0000000710280000, 0x00000007ac900000)
  object space 170496K, 3% used [0x0000000705c00000,0x000000070612a000,0x0000000710280000)
 PSPermGen       total 21504K, used 8056K [0x0000000700a00000, 0x0000000701f00000, 0x0000000705c00000)
  object space 21504K, 37% used [0x0000000700a00000,0x00000007011de218,0x0000000701f00000)
}
Event: 54,446 GC heap before
{Heap before GC invocations=6 (full 0):
 PSYoungGen      total 73728K, used 73721K [0x00000007ac900000, 0x00000007b2600000, 0x0000000800000000)
  eden space 63488K, 100% used [0x00000007ac900000,0x00000007b0700000,0x00000007b0700000)
  from space 10240K, 99% used [0x00000007b0880000,0x00000007b127e7a8,0x00000007b1280000)
  to   space 15872K, 0% used [0x00000007b1680000,0x00000007b1680000,0x00000007b2600000)
 ParOldGen       total 170496K, used 5288K [0x0000000705c00000, 0x0000000710280000, 0x00000007ac900000)
  object space 170496K, 3% used [0x0000000705c00000,0x000000070612a000,0x0000000710280000)
 PSPermGen       total 21504K, used 8064K [0x0000000700a00000, 0x0000000701f00000, 0x0000000705c00000)
  object space 21504K, 37% used [0x0000000700a00000,0x00000007011e03e0,0x0000000701f00000)
Event: 54,458 GC heap after
Heap after GC invocations=6 (full 0):
 PSYoungGen      total 77824K, used 13658K [0x00000007ac900000, 0x00000007b2780000, 0x0000000800000000)
  eden space 61952K, 0% used [0x00000007ac900000,0x00000007ac900000,0x00000007b0580000)
  from space 15872K, 86% used [0x00000007b1680000,0x00000007b23d6a18,0x00000007b2600000)
  to   space 17408K, 0% used [0x00000007b0580000,0x00000007b0580000,0x00000007b1680000)
 ParOldGen       total 170496K, used 5296K [0x0000000705c00000, 0x0000000710280000, 0x00000007ac900000)
  object space 170496K, 3% used [0x0000000705c00000,0x000000070612c000,0x0000000710280000)
 PSPermGen       total 21504K, used 8064K [0x0000000700a00000, 0x0000000701f00000, 0x0000000705c00000)
  object space 21504K, 37% used [0x0000000700a00000,0x00000007011e03e0,0x0000000701f00000)
}
Event: 64,733 GC heap before
{Heap before GC invocations=7 (full 0):
 PSYoungGen      total 77824K, used 75610K [0x00000007ac900000, 0x00000007b2780000, 0x0000000800000000)
  eden space 61952K, 100% used [0x00000007ac900000,0x00000007b0580000,0x00000007b0580000)
  from space 15872K, 86% used [0x00000007b1680000,0x00000007b23d6a18,0x00000007b2600000)
  to   space 17408K, 0% used [0x00000007b0580000,0x00000007b0580000,0x00000007b1680000)
 ParOldGen       total 170496K, used 5296K [0x0000000705c00000, 0x0000000710280000, 0x00000007ac900000)
  object space 170496K, 3% used [0x0000000705c00000,0x000000070612c000,0x0000000710280000)
 PSPermGen       total 21504K, used 8099K [0x0000000700a00000, 0x0000000701f00000, 0x0000000705c00000)
  object space 21504K, 37% used [0x0000000700a00000,0x00000007011e8d28,0x0000000701f00000)
Event: 64,751 GC heap after
Heap after GC invocations=7 (full 0):
 PSYoungGen      total 78336K, used 14191K [0x00000007ac900000, 0x00000007b2880000, 0x0000000800000000)
  eden space 60928K, 0% used [0x00000007ac900000,0x00000007ac900000,0x00000007b0480000)
  from space 17408K, 81% used [0x00000007b0580000,0x00000007b135bf30,0x00000007b1680000)
  to   space 18432K, 0% used [0x00000007b1680000,0x00000007b1680000,0x00000007b2880000)
 ParOldGen       total 170496K, used 7295K [0x0000000705c00000, 0x0000000710280000, 0x00000007ac900000)
  object space 170496K, 4% used [0x0000000705c00000,0x000000070631ff20,0x0000000710280000)
 PSPermGen       total 21504K, used 8099K [0x0000000700a00000, 0x0000000701f00000, 0x0000000705c00000)
  object space 21504K, 37% used [0x0000000700a00000,0x00000007011e8d28,0x0000000701f00000)
}

